<?xml version="1.0" encoding="UTF-8"?>
<!-- Generated by org.testng.reporters.JUnitReportReporter -->
<testsuite skipped="0" hostname="ISSLT477" name="qaclickacademy.AppiumTest" tests="2" failures="0" timestamp="08 Dec 2018 01:44:40 GMT" time="0.024" errors="0">
  <testcase name="NativeappAndroid" time="0.003" classname="qaclickacademy.AppiumTest"/>
  <testcase name="IOSapps" time="0.021" classname="qaclickacademy.AppiumTest"/>
</testsuite> <!-- qaclickacademy.AppiumTest -->
