<?xml version="1.0" encoding="UTF-8"?>
<!-- Generated by org.testng.reporters.JUnitReportReporter -->
<testsuite skipped="0" hostname="ISSLT477" name="qaclickacademy.SeleniumTest" tests="2" failures="0" timestamp="29 Nov 2018 12:38:54 GMT" time="0.002" errors="0">
  <testcase name="elementui" time="0.001" classname="qaclickacademy.SeleniumTest"/>
  <testcase name="BrowserAoutomation" time="0.001" classname="qaclickacademy.SeleniumTest"/>
</testsuite> <!-- qaclickacademy.SeleniumTest -->
