<?xml version="1.0" encoding="UTF-8"?>
<!-- Generated by org.testng.reporters.JUnitReportReporter -->
<testsuite skipped="0" hostname="ISSLT477" name="qaclickacademy.RESTAPITest" tests="2" failures="0" timestamp="29 Nov 2018 12:38:54 GMT" time="0.000" errors="0">
  <testcase name="deleteTwitter" time="0.000" classname="qaclickacademy.RESTAPITest"/>
  <testcase name="postjira" time="0.000" classname="qaclickacademy.RESTAPITest"/>
</testsuite> <!-- qaclickacademy.RESTAPITest -->
